Determining if the pthread_create exist failed with the following output:
Change Dir: /home/kwak/use_yolov3/build/CMakeFiles/CMakeTmp

Run Build Command:"/usr/bin/make" "cmTC_c43be/fast"
/usr/bin/make -f CMakeFiles/cmTC_c43be.dir/build.make CMakeFiles/cmTC_c43be.dir/build
make[1]: Entering directory '/home/kwak/use_yolov3/build/CMakeFiles/CMakeTmp'
Building C object CMakeFiles/cmTC_c43be.dir/CheckSymbolExists.c.o
/usr/bin/cc    -o CMakeFiles/cmTC_c43be.dir/CheckSymbolExists.c.o   -c /home/kwak/use_yolov3/build/CMakeFiles/CMakeTmp/CheckSymbolExists.c
Linking C executable cmTC_c43be
/usr/bin/cmake -E cmake_link_script CMakeFiles/cmTC_c43be.dir/link.txt --verbose=1
/usr/bin/cc      -rdynamic CMakeFiles/cmTC_c43be.dir/CheckSymbolExists.c.o  -o cmTC_c43be 
CMakeFiles/cmTC_c43be.dir/CheckSymbolExists.c.o: In function `main':
CheckSymbolExists.c:(.text+0x1b): undefined reference to `pthread_create'
collect2: error: ld returned 1 exit status
CMakeFiles/cmTC_c43be.dir/build.make:97: recipe for target 'cmTC_c43be' failed
make[1]: *** [cmTC_c43be] Error 1
make[1]: Leaving directory '/home/kwak/use_yolov3/build/CMakeFiles/CMakeTmp'
Makefile:126: recipe for target 'cmTC_c43be/fast' failed
make: *** [cmTC_c43be/fast] Error 2

File /home/kwak/use_yolov3/build/CMakeFiles/CMakeTmp/CheckSymbolExists.c:
/* */
#include <pthread.h>

int main(int argc, char** argv)
{
  (void)argv;
#ifndef pthread_create
  return ((int*)(&pthread_create))[argc];
#else
  (void)argc;
  return 0;
#endif
}

Determining if the function pthread_create exists in the pthreads failed with the following output:
Change Dir: /home/kwak/use_yolov3/build/CMakeFiles/CMakeTmp

Run Build Command:"/usr/bin/make" "cmTC_0bede/fast"
/usr/bin/make -f CMakeFiles/cmTC_0bede.dir/build.make CMakeFiles/cmTC_0bede.dir/build
make[1]: Entering directory '/home/kwak/use_yolov3/build/CMakeFiles/CMakeTmp'
Building C object CMakeFiles/cmTC_0bede.dir/CheckFunctionExists.c.o
/usr/bin/cc   -DCHECK_FUNCTION_EXISTS=pthread_create   -o CMakeFiles/cmTC_0bede.dir/CheckFunctionExists.c.o   -c /usr/share/cmake-3.10/Modules/CheckFunctionExists.c
Linking C executable cmTC_0bede
/usr/bin/cmake -E cmake_link_script CMakeFiles/cmTC_0bede.dir/link.txt --verbose=1
/usr/bin/cc  -DCHECK_FUNCTION_EXISTS=pthread_create    -rdynamic CMakeFiles/cmTC_0bede.dir/CheckFunctionExists.c.o  -o cmTC_0bede -lpthreads 
/usr/bin/ld: cannot find -lpthreads
collect2: error: ld returned 1 exit status
CMakeFiles/cmTC_0bede.dir/build.make:97: recipe for target 'cmTC_0bede' failed
make[1]: *** [cmTC_0bede] Error 1
make[1]: Leaving directory '/home/kwak/use_yolov3/build/CMakeFiles/CMakeTmp'
Makefile:126: recipe for target 'cmTC_0bede/fast' failed
make: *** [cmTC_0bede/fast] Error 2


